c[?7l[2J[0mSeaBIOS (version 1.13.0-1ubuntu1.1)


iPXE (http://ipxe.org) 00:03.0 CA00 PCI2.10 PnP PMM+07F8CA10+07ECCA10 CA00
Press Ctrl-B to configure iPXE (PCI 00:03.0)...                                                                               


Booting from Hard Disk..(THU.CST) os is loading ...

Special kernel symbols:
  entry  0x00100000 (phys)
  etext  0x00103731 (phys)
  edata  0x00110a16 (phys)
  end    0x00111d80 (phys)
Kernel executable memory footprint: 72KB
ebp:0x00007b28 eip:0x00100ad3args:0x0de60000 0x00940010 0x00940001 0x7b580001
    kern/debug/kdebug.c:306: print_stackframe+26
ebp:0x00007b38 eip:0x00100de6args:0x009b0000 0x00000010 0x00000000 0x00000000
    kern/debug/kmonitor.c:125: mon_backtrace+14
ebp:0x00007b58 eip:0x0010009bargs:0x00c90000 0x00000010 0x7b800000 0x00000000
    kern/init/init.c:50: grade_backtrace2+37
ebp:0x00007b78 eip:0x001000c9args:0x00ec0000 0x00000010 0x00000000 0x7ba4ffff
    kern/init/init.c:56: grade_backtrace1+42
ebp:0x00007b98 eip:0x001000ecargs:0x01160000 0x00000010 0x00000000 0x00000010
    kern/init/init.c:62: grade_backtrace0+27
ebp:0x00007bb8 eip:0x00100116args:0x00550000 0x375c0010 0x37400010 0x136a0010
    kern/init/init.c:67: grade_backtrace+38
ebp:0x00007be8 eip:0x00100055args:0x7d740000 0x00000000 0x00000000 0x00000000
    kern/init/init.c:28: kern_init+84
ebp:0x00007bf8 eip:0x00007d74args:0x7c4f0000 0xfcfa0000 0xd88ec031 0xd08ec08e
    <unknow>: -- 0x00007d73 --
++ setup timer interrupts
0: @ring 0
0:  cs = 8
0:  ds = 10
0:  es = 10
0:  ss = 10
+++ switch to  user  mode +++
11: @ring 3
1:  cs = 1b
1:  ds = 23
1:  es = 23
1:  ss = 23
+++ switch to kernel mode +++
2: @ring 0
2:  cs = 8
2:  ds = 10
2:  es = 10
2:  ss = 10
100 ticks
End of Test.
kernel panic at kern/trap/trap.c:19:
    EOT: kernel seems ok.
stack trackback:
ebp:0x00007ad0 eip:0x00100ad3args:0x047b0000 0x380c0010 0x7b140010 0x00130000
    kern/debug/kdebug.c:306: print_stackframe+26
ebp:0x00007b00 eip:0x0010047bargs:0x19670000 0x3aee0010 0x00130010 0x3ad80000
    kern/debug/panic.c:27: __panic+107
ebp:0x00007b20 eip:0x00101967args:0x1ea90000 0x7b980010 0x000c0000 0x00940000
    kern/trap/trap.c:0: print_ticks+69
ebp:0x00007b50 eip:0x00101ea9args:0x1ff10000 0x7b7c0010 0x000c0000 0x00230000
    kern/trap/trap.c:210: trap_dispatch+138
ebp:0x00007b70 eip:0x00101ff1args:0x2a7c0000 0x7b7c0010 0x00000000 0x00940000
    kern/trap/trap.c:269: trap+20
ebp:0x00007be8 eip:0x00102a7cargs:0x7d740000 0x00000000 0x00000000 0x00000000
    kern/trap/trapentry.S:24: <unknown>+0
ebp:0x00007bf8 eip:0x00007d74args:0x7c4f0000 0xfcfa0000 0xd88ec031 0xd08ec08e
    <unknow>: -- 0x00007d73 --
Welcome to the kernel debug monitor!!
Type 'help' for a list of commands.
K> 